c:\users\11kyire\source\repos\bypassuac\bypassuac\debug\vc142.pdb
c:\users\11kyire\source\repos\bypassuac\bypassuac\debug\vc142.idb
c:\users\11kyire\source\repos\bypassuac\bypassuac\debug\bypassuac.obj
c:\users\11kyire\source\repos\bypassuac\debug\bypassuac.pdb
c:\users\11kyire\source\repos\bypassuac\bypassuac\debug\bypassuac.tlog\cl.command.1.tlog
c:\users\11kyire\source\repos\bypassuac\bypassuac\debug\bypassuac.tlog\cl.read.1.tlog
c:\users\11kyire\source\repos\bypassuac\bypassuac\debug\bypassuac.tlog\cl.write.1.tlog
c:\users\11kyire\source\repos\bypassuac\bypassuac\debug\bypassuac.tlog\link-cvtres.read.1.tlog
c:\users\11kyire\source\repos\bypassuac\bypassuac\debug\bypassuac.tlog\link-cvtres.write.1.tlog
c:\users\11kyire\source\repos\bypassuac\bypassuac\debug\bypassuac.tlog\link-rc.read.1.tlog
c:\users\11kyire\source\repos\bypassuac\bypassuac\debug\bypassuac.tlog\link-rc.write.1.tlog
c:\users\11kyire\source\repos\bypassuac\bypassuac\debug\bypassuac.tlog\link.11976-cvtres.read.1.tlog
c:\users\11kyire\source\repos\bypassuac\bypassuac\debug\bypassuac.tlog\link.11976-cvtres.write.1.tlog
c:\users\11kyire\source\repos\bypassuac\bypassuac\debug\bypassuac.tlog\link.11976-rc.read.1.tlog
c:\users\11kyire\source\repos\bypassuac\bypassuac\debug\bypassuac.tlog\link.11976-rc.write.1.tlog
c:\users\11kyire\source\repos\bypassuac\bypassuac\debug\bypassuac.tlog\link.11976.read.1.tlog
c:\users\11kyire\source\repos\bypassuac\bypassuac\debug\bypassuac.tlog\link.11976.write.1.tlog
c:\users\11kyire\source\repos\bypassuac\bypassuac\debug\bypassuac.tlog\link.command.1.tlog
c:\users\11kyire\source\repos\bypassuac\bypassuac\debug\bypassuac.tlog\link.read.1.tlog
c:\users\11kyire\source\repos\bypassuac\bypassuac\debug\bypassuac.tlog\link.write.1.tlog
